<?xml version="1.0" encoding="UTF-8"?>
<!-- Generated by org.testng.reporters.JUnitReportReporter -->
<testsuite hostname="IN5CG9292KLF" name="SerialisedInputPOJO" tests="1" failures="0" timestamp="25 May 2020 08:15:10 GMT" time="3.611" errors="0">
  <testcase name="searialisedInputExample" time="3.611" classname="SerialisedInputPOJO"/>
</testsuite> <!-- SerialisedInputPOJO -->
