<?xml version="1.0" encoding="UTF-8"?>
<!-- Generated by org.testng.reporters.JUnitReportReporter -->
<testsuite hostname="IN5CG9292KLF" name="RequestSpecBuilderExample" tests="1" failures="0" timestamp="25 May 2020 09:54:04 GMT" time="4.070" errors="0">
  <testcase name="searialisedInputExample" time="4.070" classname="RequestSpecBuilderExample"/>
</testsuite> <!-- RequestSpecBuilderExample -->
