<?xml version="1.0" encoding="UTF-8"?>
<!-- Generated by org.testng.reporters.JUnitReportReporter -->
<testsuite hostname="IN5CG9292KLF" name="OAuth20" tests="1" failures="0" timestamp="23 May 2020 15:08:59 GMT" time="4.804" errors="0">
  <testcase name="oauth20Example" time="4.804" classname="OAuth20"/>
</testsuite> <!-- OAuth20 -->
