<?xml version="1.0" encoding="UTF-8"?>
<!-- Generated by org.testng.reporters.JUnitReportReporter -->
<testsuite hostname="IN5CG9292KLF" name="DynamicJsonHandling" tests="3" failures="0" timestamp="18 May 2020 14:52:43 GMT" time="5.675" errors="0">
  <testcase name="dynamicJson" time="4.457" classname="DynamicJsonHandling"/>
  <testcase name="dynamicJson" time="0.547" classname="DynamicJsonHandling"/>
  <testcase name="dynamicJson" time="0.671" classname="DynamicJsonHandling"/>
</testsuite> <!-- DynamicJsonHandling -->
