<?xml version="1.0" encoding="UTF-8"?>
<!-- Generated by org.testng.reporters.JUnitReportReporter -->
<testsuite hostname="IN5CG9292KLF" name="OAuth20POCOExample" tests="1" failures="0" timestamp="24 May 2020 10:45:23 GMT" time="5.927" errors="0">
  <testcase name="oauth20Example" time="5.927" classname="OAuth20POCOExample"/>
</testsuite> <!-- OAuth20POCOExample -->
