<?xml version="1.0" encoding="UTF-8"?>
<!-- Generated by org.testng.reporters.JUnitReportReporter -->
<testsuite hostname="IN5CG9292KLF" name="OAuth20POCODeserialisedExample" tests="1" failures="1" timestamp="15 Nov 2020 16:05:44 GMT" time="8.350" errors="0">
  <testcase name="oauth20Example" time="8.350" classname="OAuth20POCODeserialisedExample">
    <failure type="com.fasterxml.jackson.core.JsonParseException" message="Unrecognized token &#039;AUTHENTICATION&#039;: was expecting (JSON String, Number, Array, Object or token &#039;null&#039;, &#039;true&#039; or &#039;false&#039;)
 at [Source: (String)&quot;
AUTHENTICATION FAILED !!!! PLEASE ENTER VALID ACCESS TOKEN
&quot;; line: 2, column: 15]">
      <![CDATA[com.fasterxml.jackson.core.JsonParseException: Unrecognized token 'AUTHENTICATION': was expecting (JSON String, Number, Array, Object or token 'null', 'true' or 'false')
 at [Source: (String)"
AUTHENTICATION FAILED !!!! PLEASE ENTER VALID ACCESS TOKEN
"; line: 2, column: 15]
	at com.fasterxml.jackson.core.JsonParser._constructError(JsonParser.java:1840)
	at com.fasterxml.jackson.core.base.ParserMinimalBase._reportError(ParserMinimalBase.java:722)
	at com.fasterxml.jackson.core.json.ReaderBasedJsonParser._reportInvalidToken(ReaderBasedJsonParser.java:2868)
	at com.fasterxml.jackson.core.json.ReaderBasedJsonParser._handleOddValue(ReaderBasedJsonParser.java:1914)
	at com.fasterxml.jackson.core.json.ReaderBasedJsonParser.nextToken(ReaderBasedJsonParser.java:773)
	at com.fasterxml.jackson.databind.ObjectMapper._initForReading(ObjectMapper.java:4340)
	at com.fasterxml.jackson.databind.ObjectMapper._readMapAndClose(ObjectMapper.java:4189)
	at com.fasterxml.jackson.databind.ObjectMapper.readValue(ObjectMapper.java:3205)
	at com.fasterxml.jackson.databind.ObjectMapper$readValue$0.call(Unknown Source)
	at org.codehaus.groovy.runtime.callsite.CallSiteArray.defaultCall(CallSiteArray.java:47)
	at org.codehaus.groovy.runtime.callsite.AbstractCallSite.call(AbstractCallSite.java:125)
	at org.codehaus.groovy.runtime.callsite.AbstractCallSite.call(AbstractCallSite.java:148)
	at io.restassured.internal.path.json.mapping.JsonPathJackson2ObjectDeserializer.deserialize(JsonPathJackson2ObjectDeserializer.groovy:46)
	at io.restassured.path.json.mapping.JsonPathObjectDeserializer$deserialize.call(Unknown Source)
	at org.codehaus.groovy.runtime.callsite.CallSiteArray.defaultCall(CallSiteArray.java:47)
	at org.codehaus.groovy.runtime.callsite.AbstractCallSite.call(AbstractCallSite.java:125)
	at org.codehaus.groovy.runtime.callsite.AbstractCallSite.call(AbstractCallSite.java:139)
	at io.restassured.internal.mapping.Jackson2Mapper.deserialize(Jackson2Mapper.groovy:58)
	at io.restassured.mapper.ObjectMapper$deserialize.call(Unknown Source)
	at org.codehaus.groovy.runtime.callsite.CallSiteArray.defaultCall(CallSiteArray.java:47)
	at org.codehaus.groovy.runtime.callsite.AbstractCallSite.call(AbstractCallSite.java:125)
	at org.codehaus.groovy.runtime.callsite.AbstractCallSite.call(AbstractCallSite.java:139)
	at io.restassured.internal.mapping.ObjectMapping.parseWithJackson2(ObjectMapping.groovy:238)
	at io.restassured.internal.mapping.ObjectMapping$parseWithJackson2$0.callStatic(Unknown Source)
	at org.codehaus.groovy.runtime.callsite.CallSiteArray.defaultCallStatic(CallSiteArray.java:55)
	at org.codehaus.groovy.runtime.callsite.AbstractCallSite.callStatic(AbstractCallSite.java:217)
	at org.codehaus.groovy.runtime.callsite.AbstractCallSite.callStatic(AbstractCallSite.java:240)
	at io.restassured.internal.mapping.ObjectMapping.deserialize(ObjectMapping.groovy:59)
	at io.restassured.internal.mapping.ObjectMapping$deserialize.call(Unknown Source)
	at org.codehaus.groovy.runtime.callsite.CallSiteArray.defaultCall(CallSiteArray.java:47)
	at org.codehaus.groovy.runtime.callsite.AbstractCallSite.call(AbstractCallSite.java:125)
	at io.restassured.internal.RestAssuredResponseOptionsGroovyImpl.as(RestAssuredResponseOptionsGroovyImpl.groovy:226)
	at io.restassured.internal.RestAssuredResponseOptionsImpl.as(RestAssuredResponseOptionsImpl.java:169)
	at OAuth20POCODeserialisedExample.oauth20Example(OAuth20POCODeserialisedExample.java:53)
	at sun.reflect.NativeMethodAccessorImpl.invoke0(Native Method)
	at sun.reflect.NativeMethodAccessorImpl.invoke(Unknown Source)
	at sun.reflect.DelegatingMethodAccessorImpl.invoke(Unknown Source)
	at java.lang.reflect.Method.invoke(Unknown Source)
	at org.testng.internal.MethodInvocationHelper.invokeMethod(MethodInvocationHelper.java:80)
	at org.testng.internal.Invoker.invokeMethod(Invoker.java:715)
	at org.testng.internal.Invoker.invokeTestMethod(Invoker.java:907)
	at org.testng.internal.Invoker.invokeTestMethods(Invoker.java:1237)
	at org.testng.internal.TestMethodWorker.invokeTestMethods(TestMethodWorker.java:127)
	at org.testng.internal.TestMethodWorker.run(TestMethodWorker.java:111)
	at org.testng.TestRunner.privateRun(TestRunner.java:767)
	at org.testng.TestRunner.run(TestRunner.java:617)
	at org.testng.SuiteRunner.runTest(SuiteRunner.java:334)
	at org.testng.SuiteRunner.runSequentially(SuiteRunner.java:329)
	at org.testng.SuiteRunner.privateRun(SuiteRunner.java:291)
	at org.testng.SuiteRunner.run(SuiteRunner.java:240)
	at org.testng.SuiteRunnerWorker.runSuite(SuiteRunnerWorker.java:51)
	at org.testng.SuiteRunnerWorker.run(SuiteRunnerWorker.java:85)
	at org.testng.TestNG.runSuitesSequentially(TestNG.java:1197)
	at org.testng.TestNG.runSuitesLocally(TestNG.java:1122)
	at org.testng.TestNG.run(TestNG.java:1030)
	at org.testng.remote.AbstractRemoteTestNG.run(AbstractRemoteTestNG.java:115)
	at org.testng.remote.RemoteTestNG.initAndRun(RemoteTestNG.java:251)
	at org.testng.remote.RemoteTestNG.main(RemoteTestNG.java:77)
]]>
    </failure>
  </testcase> <!-- oauth20Example -->
</testsuite> <!-- OAuth20POCODeserialisedExample -->
