<?xml version="1.0" encoding="UTF-8"?>
<!-- Generated by org.testng.reporters.JUnitReportReporter -->
<testsuite hostname="IN5CG9292KLF" name="StaticJsonHandling" tests="1" failures="0" timestamp="23 May 2020 14:27:26 GMT" time="4.589" errors="0">
  <testcase name="staticJson" time="4.589" classname="StaticJsonHandling"/>
</testsuite> <!-- StaticJsonHandling -->
